{"level":"info","message":{"duration":"17ms","method":"GET","params":{},"path":"/health","query":{},"status":200},"timestamp":"2026-04-13T21:10:12.219Z"}
{"level":"info","message":{"duration":"3ms","method":"GET","path":"/favicon.ico","query":{},"status":404},"timestamp":"2026-04-13T21:10:12.504Z"}
{"level":"info","message":{"duration":"4ms","method":"GET","params":{},"path":"/health/detailed","query":{},"status":200},"timestamp":"2026-04-13T21:12:53.373Z"}
{"level":"info","message":"Retrieved 0 courses successfully","timestamp":"2026-04-13T21:20:24.830Z"}
{"level":"info","message":{"duration":"15ms","method":"GET","params":{},"path":"/api/courses","query":{},"status":200},"timestamp":"2026-04-13T21:20:24.832Z"}
{"level":"info","message":"Retrieved 0 courses successfully","timestamp":"2026-04-13T21:20:24.867Z"}
{"level":"info","message":{"duration":"5ms","method":"GET","params":{},"path":"/api/courses","query":{},"status":304},"timestamp":"2026-04-13T21:20:24.869Z"}
{"courseId":"69dd5e3a54fb58f0ddd0d0ca","level":"info","message":"New course created:","name":"Biology","timestamp":"2026-04-13T21:20:58.554Z"}
{"level":"info","message":{"body":{"description":"test one two","duration":1,"name":"Biology","status":"active"},"duration":"31ms","method":"POST","params":{},"path":"/api/courses","query":{},"status":201},"timestamp":"2026-04-13T21:20:58.557Z"}
{"level":"info","message":"Retrieved 1 courses successfully","timestamp":"2026-04-13T21:20:58.565Z"}
{"level":"info","message":{"duration":"8ms","method":"GET","params":{},"path":"/api/courses","query":{},"status":200},"timestamp":"2026-04-13T21:20:58.569Z"}
{"activeCourses":1,"activeStudents":0,"courseCounts":[],"graduates":0,"level":"info","message":"Dashboard statistics retrieved successfully:","successRate":0,"timestamp":"2026-04-13T21:20:58.642Z","totalCourses":1,"totalStudents":0}
{"level":"info","message":{"duration":"37ms","method":"GET","params":{},"path":"/api/dashboard/stats","query":{},"status":200},"timestamp":"2026-04-13T21:20:58.644Z"}
{"level":"info","message":{"duration":"18ms","method":"GET","params":{"id":"69dd5e3a54fb58f0ddd0d0ca"},"path":"/api/courses/69dd5e3a54fb58f0ddd0d0ca","query":{},"status":200},"timestamp":"2026-04-13T21:21:18.649Z"}
{"level":"info","message":"Retrieved 0 students successfully","timestamp":"2026-04-13T21:21:24.596Z"}
{"level":"info","message":{"duration":"7ms","method":"GET","params":{},"path":"/api/students","query":{},"status":200},"timestamp":"2026-04-13T21:21:24.598Z"}
{"activeCourses":1,"activeStudents":0,"courseCounts":[],"graduates":0,"level":"info","message":"Dashboard statistics retrieved successfully:","successRate":0,"timestamp":"2026-04-13T21:21:24.611Z","totalCourses":1,"totalStudents":0}
{"level":"info","message":{"duration":"20ms","method":"GET","params":{},"path":"/api/dashboard/stats","query":{},"status":304},"timestamp":"2026-04-13T21:21:24.614Z"}
{"level":"info","message":"Retrieved 1 courses successfully","timestamp":"2026-04-13T21:21:38.931Z"}
{"level":"info","message":{"duration":"6ms","method":"GET","params":{},"path":"/api/courses","query":{},"status":304},"timestamp":"2026-04-13T21:21:38.933Z"}
{"level":"info","message":"Retrieved 0 students successfully","timestamp":"2026-04-13T21:21:49.856Z"}
{"level":"info","message":{"duration":"9ms","method":"GET","params":{},"path":"/api/students","query":{},"status":304},"timestamp":"2026-04-13T21:21:49.859Z"}
{"activeCourses":1,"activeStudents":0,"courseCounts":[],"graduates":0,"level":"info","message":"Dashboard statistics retrieved successfully:","successRate":0,"timestamp":"2026-04-13T21:21:49.875Z","totalCourses":1,"totalStudents":0}
{"level":"info","message":{"duration":"17ms","method":"GET","params":{},"path":"/api/dashboard/stats","query":{},"status":304},"timestamp":"2026-04-13T21:21:49.878Z"}
{"level":"info","message":"Retrieved 1 courses successfully","timestamp":"2026-04-13T21:22:04.831Z"}
{"level":"info","message":{"duration":"6ms","method":"GET","params":{},"path":"/api/courses","query":{},"status":304},"timestamp":"2026-04-13T21:22:04.834Z"}
{"level":"info","message":{"duration":"8ms","method":"GET","params":{"id":"69dd5e3a54fb58f0ddd0d0ca"},"path":"/api/courses/69dd5e3a54fb58f0ddd0d0ca","query":{},"status":304},"timestamp":"2026-04-13T21:22:17.169Z"}
{"level":"info","message":"Retrieved 0 students successfully","timestamp":"2026-04-13T21:22:25.377Z"}
{"level":"info","message":{"duration":"7ms","method":"GET","params":{},"path":"/api/students","query":{},"status":304},"timestamp":"2026-04-13T21:22:25.381Z"}
{"activeCourses":1,"activeStudents":0,"courseCounts":[],"graduates":0,"level":"info","message":"Dashboard statistics retrieved successfully:","successRate":0,"timestamp":"2026-04-13T21:22:25.395Z","totalCourses":1,"totalStudents":0}
{"level":"info","message":{"duration":"23ms","method":"GET","params":{},"path":"/api/dashboard/stats","query":{},"status":304},"timestamp":"2026-04-13T21:22:25.399Z"}
{"course":"69dd5e3a54fb58f0ddd0d0ca","level":"info","message":"New student created:","name":"Zedingle Tesfaye","studentId":"69dd5ea254fb58f0ddd0d0cb","timestamp":"2026-04-13T21:22:42.350Z"}
{"level":"info","message":{"body":{"course":"69dd5e3a54fb58f0ddd0d0ca","email":"zedinglet@gmail.com","enrollmentDate":"2026-04-01","name":"Zedingle Tesfaye","status":"active"},"duration":"11ms","method":"POST","params":{},"path":"/api/students","query":{},"status":201},"timestamp":"2026-04-13T21:22:42.354Z"}
{"level":"info","message":"Retrieved 1 students successfully","timestamp":"2026-04-13T21:22:42.366Z"}
{"level":"info","message":{"duration":"7ms","method":"GET","params":{},"path":"/api/students","query":{},"status":200},"timestamp":"2026-04-13T21:22:42.368Z"}
{"activeCourses":1,"activeStudents":1,"courseCounts":[{"_id":"69dd5e3a54fb58f0ddd0d0ca","count":1}],"graduates":0,"level":"info","message":"Dashboard statistics retrieved successfully:","successRate":0,"timestamp":"2026-04-13T21:22:42.442Z","totalCourses":1,"totalStudents":1}
{"level":"info","message":{"duration":"24ms","method":"GET","params":{},"path":"/api/dashboard/stats","query":{},"status":200},"timestamp":"2026-04-13T21:22:42.445Z"}
{"course":"69dd5e3a54fb58f0ddd0d0ca","level":"info","message":"Student deleted successfully:","name":"Zedingle Tesfaye","studentId":"69dd5ea254fb58f0ddd0d0cb","timestamp":"2026-04-13T21:23:02.794Z"}
{"level":"info","message":{"duration":"12ms","method":"DELETE","params":{"id":"69dd5ea254fb58f0ddd0d0cb"},"path":"/api/students/69dd5ea254fb58f0ddd0d0cb","query":{},"status":200},"timestamp":"2026-04-13T21:23:02.796Z"}
{"level":"info","message":"Retrieved 0 students successfully","timestamp":"2026-04-13T21:23:02.801Z"}
{"level":"info","message":{"duration":"4ms","method":"GET","params":{},"path":"/api/students","query":{},"status":200},"timestamp":"2026-04-13T21:23:02.803Z"}
{"activeCourses":1,"activeStudents":0,"courseCounts":[],"graduates":0,"level":"info","message":"Dashboard statistics retrieved successfully:","successRate":0,"timestamp":"2026-04-13T21:23:02.846Z","totalCourses":1,"totalStudents":0}
{"level":"info","message":{"duration":"21ms","method":"GET","params":{},"path":"/api/dashboard/stats","query":{},"status":200},"timestamp":"2026-04-13T21:23:02.849Z"}
{"level":"info","message":"Retrieved 0 students successfully","timestamp":"2026-04-13T21:27:13.825Z"}
{"level":"info","message":{"duration":"14ms","method":"GET","params":{},"path":"/api/students","query":{},"status":304},"timestamp":"2026-04-13T21:27:13.830Z"}
{"activeCourses":1,"activeStudents":0,"courseCounts":[],"graduates":0,"level":"info","message":"Dashboard statistics retrieved successfully:","successRate":0,"timestamp":"2026-04-13T21:27:13.867Z","totalCourses":1,"totalStudents":0}
{"level":"info","message":{"duration":"52ms","method":"GET","params":{},"path":"/api/dashboard/stats","query":{},"status":304},"timestamp":"2026-04-13T21:27:13.874Z"}
{"level":"info","message":"Retrieved 0 students successfully","timestamp":"2026-04-13T21:29:49.727Z"}
{"level":"info","message":{"duration":"7ms","method":"GET","params":{},"path":"/api/students","query":{},"status":304},"timestamp":"2026-04-13T21:29:49.730Z"}
{"activeCourses":1,"activeStudents":0,"courseCounts":[],"graduates":0,"level":"info","message":"Dashboard statistics retrieved successfully:","successRate":0,"timestamp":"2026-04-13T21:29:49.749Z","totalCourses":1,"totalStudents":0}
{"level":"info","message":{"duration":"26ms","method":"GET","params":{},"path":"/api/dashboard/stats","query":{},"status":304},"timestamp":"2026-04-13T21:29:49.751Z"}
{"level":"info","message":"Retrieved 1 courses successfully","timestamp":"2026-04-13T21:30:17.616Z"}
{"level":"info","message":{"duration":"8ms","method":"GET","params":{},"path":"/api/courses","query":{},"status":304},"timestamp":"2026-04-13T21:30:17.621Z"}
{"level":"info","message":"Retrieved 0 students successfully","timestamp":"2026-04-13T21:30:18.891Z"}
{"level":"info","message":{"duration":"5ms","method":"GET","params":{},"path":"/api/students","query":{},"status":304},"timestamp":"2026-04-13T21:30:18.893Z"}
{"activeCourses":1,"activeStudents":0,"courseCounts":[],"graduates":0,"level":"info","message":"Dashboard statistics retrieved successfully:","successRate":0,"timestamp":"2026-04-13T21:30:18.904Z","totalCourses":1,"totalStudents":0}
{"level":"info","message":{"duration":"22ms","method":"GET","params":{},"path":"/api/dashboard/stats","query":{},"status":304},"timestamp":"2026-04-13T21:30:18.908Z"}
{"course":"69dd5e3a54fb58f0ddd0d0ca","level":"info","message":"New student created:","name":"Zedingle Tesfaye","studentId":"69dd607e54fb58f0ddd0d0cc","timestamp":"2026-04-13T21:30:38.446Z"}
{"level":"info","message":{"body":{"course":"69dd5e3a54fb58f0ddd0d0ca","email":"zedinglet@gmail.com","enrollmentDate":"2026-04-02","name":"Zedingle Tesfaye","status":"active"},"duration":"9ms","method":"POST","params":{},"path":"/api/students","query":{},"status":201},"timestamp":"2026-04-13T21:30:38.449Z"}
{"level":"info","message":"Retrieved 1 students successfully","timestamp":"2026-04-13T21:30:38.462Z"}
{"level":"info","message":{"duration":"9ms","method":"GET","params":{},"path":"/api/students","query":{},"status":200},"timestamp":"2026-04-13T21:30:38.465Z"}
{"activeCourses":1,"activeStudents":1,"courseCounts":[{"_id":"69dd5e3a54fb58f0ddd0d0ca","count":1}],"graduates":0,"level":"info","message":"Dashboard statistics retrieved successfully:","successRate":0,"timestamp":"2026-04-13T21:30:38.513Z","totalCourses":1,"totalStudents":1}
{"level":"info","message":{"duration":"19ms","method":"GET","params":{},"path":"/api/dashboard/stats","query":{},"status":200},"timestamp":"2026-04-13T21:30:38.515Z"}
{"level":"info","message":"Retrieved 1 courses successfully","timestamp":"2026-04-13T21:30:42.680Z"}
{"level":"info","message":{"duration":"4ms","method":"GET","params":{},"path":"/api/courses","query":{},"status":304},"timestamp":"2026-04-13T21:30:42.682Z"}
{"level":"info","message":{"duration":"3ms","method":"GET","params":{"id":"69dd5e3a54fb58f0ddd0d0ca"},"path":"/api/courses/69dd5e3a54fb58f0ddd0d0ca","query":{},"status":304},"timestamp":"2026-04-13T21:31:20.300Z"}
{"courseId":"69dd5e3a54fb58f0ddd0d0ca","level":"info","message":"Course updated successfully:","name":"Mancity","timestamp":"2026-04-13T21:31:55.607Z"}
{"level":"info","message":{"body":{"description":"Etihad Stadium","duration":1,"name":"Mancity","status":"active"},"duration":"14ms","method":"PUT","params":{"id":"69dd5e3a54fb58f0ddd0d0ca"},"path":"/api/courses/69dd5e3a54fb58f0ddd0d0ca","query":{},"status":200},"timestamp":"2026-04-13T21:31:55.608Z"}
{"level":"info","message":"Retrieved 1 courses successfully","timestamp":"2026-04-13T21:31:55.617Z"}
{"level":"info","message":{"duration":"4ms","method":"GET","params":{},"path":"/api/courses","query":{},"status":200},"timestamp":"2026-04-13T21:31:55.619Z"}
{"activeCourses":1,"activeStudents":1,"courseCounts":[{"_id":"69dd5e3a54fb58f0ddd0d0ca","count":1}],"graduates":0,"level":"info","message":"Dashboard statistics retrieved successfully:","successRate":0,"timestamp":"2026-04-13T21:31:55.655Z","totalCourses":1,"totalStudents":1}
{"level":"info","message":{"duration":"24ms","method":"GET","params":{},"path":"/api/dashboard/stats","query":{},"status":304},"timestamp":"2026-04-13T21:31:55.656Z"}
{"courseId":"69dd60e454fb58f0ddd0d0cd","level":"info","message":"New course created:","name":"Arsenal","timestamp":"2026-04-13T21:32:20.556Z"}
{"level":"info","message":{"body":{"description":"Emirates Stadium","duration":2,"name":"Arsenal","status":"active"},"duration":"8ms","method":"POST","params":{},"path":"/api/courses","query":{},"status":201},"timestamp":"2026-04-13T21:32:20.560Z"}
{"level":"info","message":"Retrieved 2 courses successfully","timestamp":"2026-04-13T21:32:20.572Z"}
{"level":"info","message":{"duration":"6ms","method":"GET","params":{},"path":"/api/courses","query":{},"status":200},"timestamp":"2026-04-13T21:32:20.574Z"}
{"activeCourses":2,"activeStudents":1,"courseCounts":[{"_id":"69dd5e3a54fb58f0ddd0d0ca","count":1}],"graduates":0,"level":"info","message":"Dashboard statistics retrieved successfully:","successRate":0,"timestamp":"2026-04-13T21:32:20.606Z","totalCourses":2,"totalStudents":1}
{"level":"info","message":{"duration":"16ms","method":"GET","params":{},"path":"/api/dashboard/stats","query":{},"status":200},"timestamp":"2026-04-13T21:32:20.608Z"}
{"courseId":"69dd610254fb58f0ddd0d0ce","level":"info","message":"New course created:","name":"Manutd","timestamp":"2026-04-13T21:32:50.938Z"}
{"level":"info","message":{"body":{"description":"Oldtraford Stadium","duration":2,"name":"Manutd","status":"active"},"duration":"4ms","method":"POST","params":{},"path":"/api/courses","query":{},"status":201},"timestamp":"2026-04-13T21:32:50.940Z"}
{"level":"info","message":"Retrieved 3 courses successfully","timestamp":"2026-04-13T21:32:50.947Z"}
{"level":"info","message":{"duration":"6ms","method":"GET","params":{},"path":"/api/courses","query":{},"status":200},"timestamp":"2026-04-13T21:32:50.951Z"}
{"activeCourses":3,"activeStudents":1,"courseCounts":[{"_id":"69dd5e3a54fb58f0ddd0d0ca","count":1}],"graduates":0,"level":"info","message":"Dashboard statistics retrieved successfully:","successRate":0,"timestamp":"2026-04-13T21:32:50.986Z","totalCourses":3,"totalStudents":1}
{"level":"info","message":{"duration":"18ms","method":"GET","params":{},"path":"/api/dashboard/stats","query":{},"status":200},"timestamp":"2026-04-13T21:32:50.988Z"}
{"courseId":"69dd611954fb58f0ddd0d0cf","level":"info","message":"New course created:","name":"Chelsea","timestamp":"2026-04-13T21:33:13.688Z"}
{"level":"info","message":{"body":{"description":"gchcj","duration":5,"name":"Chelsea","status":"inactive"},"duration":"4ms","method":"POST","params":{},"path":"/api/courses","query":{},"status":201},"timestamp":"2026-04-13T21:33:13.691Z"}
{"level":"info","message":"Retrieved 4 courses successfully","timestamp":"2026-04-13T21:33:13.700Z"}
{"level":"info","message":{"duration":"4ms","method":"GET","params":{},"path":"/api/courses","query":{},"status":200},"timestamp":"2026-04-13T21:33:13.702Z"}
{"activeCourses":3,"activeStudents":1,"courseCounts":[{"_id":"69dd5e3a54fb58f0ddd0d0ca","count":1}],"graduates":0,"level":"info","message":"Dashboard statistics retrieved successfully:","successRate":0,"timestamp":"2026-04-13T21:33:13.734Z","totalCourses":4,"totalStudents":1}
{"level":"info","message":{"duration":"17ms","method":"GET","params":{},"path":"/api/dashboard/stats","query":{},"status":200},"timestamp":"2026-04-13T21:33:13.736Z"}
{"level":"info","message":{"duration":"6ms","method":"GET","params":{"id":"69dd611954fb58f0ddd0d0cf"},"path":"/api/courses/69dd611954fb58f0ddd0d0cf","query":{},"status":200},"timestamp":"2026-04-13T21:33:19.345Z"}
{"courseId":"69dd611954fb58f0ddd0d0cf","level":"info","message":"Course updated successfully:","name":"Chelsea","timestamp":"2026-04-13T21:33:27.759Z"}
{"level":"info","message":{"body":{"description":"Bridge","duration":5,"name":"Chelsea","status":"inactive"},"duration":"6ms","method":"PUT","params":{"id":"69dd611954fb58f0ddd0d0cf"},"path":"/api/courses/69dd611954fb58f0ddd0d0cf","query":{},"status":200},"timestamp":"2026-04-13T21:33:27.762Z"}
{"level":"info","message":"Retrieved 4 courses successfully","timestamp":"2026-04-13T21:33:27.775Z"}
{"level":"info","message":{"duration":"5ms","method":"GET","params":{},"path":"/api/courses","query":{},"status":200},"timestamp":"2026-04-13T21:33:27.777Z"}
{"activeCourses":3,"activeStudents":1,"courseCounts":[{"_id":"69dd5e3a54fb58f0ddd0d0ca","count":1}],"graduates":0,"level":"info","message":"Dashboard statistics retrieved successfully:","successRate":0,"timestamp":"2026-04-13T21:33:27.811Z","totalCourses":4,"totalStudents":1}
{"level":"info","message":{"duration":"15ms","method":"GET","params":{},"path":"/api/dashboard/stats","query":{},"status":304},"timestamp":"2026-04-13T21:33:27.813Z"}
{"level":"info","message":"Retrieved 1 students successfully","timestamp":"2026-04-13T21:33:32.786Z"}
{"level":"info","message":{"duration":"4ms","method":"GET","params":{},"path":"/api/students","query":{},"status":304},"timestamp":"2026-04-13T21:33:32.788Z"}
{"activeCourses":3,"activeStudents":1,"courseCounts":[{"_id":"69dd5e3a54fb58f0ddd0d0ca","count":1}],"graduates":0,"level":"info","message":"Dashboard statistics retrieved successfully:","successRate":0,"timestamp":"2026-04-13T21:33:32.800Z","totalCourses":4,"totalStudents":1}
{"level":"info","message":{"duration":"15ms","method":"GET","params":{},"path":"/api/dashboard/stats","query":{},"status":304},"timestamp":"2026-04-13T21:33:32.800Z"}
{"code":11000,"errorLabelSet":{},"errorResponse":{"code":11000,"errmsg":"E11000 duplicate key error collection: student-management-app.students index: email_1 dup key: { email: \"zedinglet@gmail.com\" }","index":0,"keyPattern":{"email":1},"keyValue":{"email":"zedinglet@gmail.com"}},"index":0,"keyPattern":{"email":1},"keyValue":{"email":"zedinglet@gmail.com"},"level":"error","message":"Error creating student: E11000 duplicate key error collection: student-management-app.students index: email_1 dup key: { email: \"zedinglet@gmail.com\" }","stack":"MongoServerError: E11000 duplicate key error collection: student-management-app.students index: email_1 dup key: { email: \"zedinglet@gmail.com\" }\n    at InsertOneOperation.handleOk (C:\\Users\\zedin\\OneDrive\\Desktop\\Student Management app\\Backend\\node_modules\\mongodb\\lib\\operations\\insert.js:51:19)\n    at tryOperation (C:\\Users\\zedin\\OneDrive\\Desktop\\Student Management app\\Backend\\node_modules\\mongodb\\lib\\operations\\execute_operation.js:217:34)\n    at process.processTicksAndRejections (node:internal/process/task_queues:103:5)\n    at async executeOperation (C:\\Users\\zedin\\OneDrive\\Desktop\\Student Management app\\Backend\\node_modules\\mongodb\\lib\\operations\\execute_operation.js:80:16)\n    at async Collection.insertOne (C:\\Users\\zedin\\OneDrive\\Desktop\\Student Management app\\Backend\\node_modules\\mongodb\\lib\\collection.js:154:16)\n    at async model.$__save (C:\\Users\\zedin\\OneDrive\\Desktop\\Student Management app\\Backend\\node_modules\\mongoose\\lib\\model.js:428:16)\n    at async model.save (C:\\Users\\zedin\\OneDrive\\Desktop\\Student Management app\\Backend\\node_modules\\mongoose\\lib\\model.js:667:5)\n    at async C:\\Users\\zedin\\OneDrive\\Desktop\\Student Management app\\Backend\\server.js:249:26","timestamp":"2026-04-13T21:34:07.099Z"}
{"level":"info","message":{"body":{"course":"69dd5e3a54fb58f0ddd0d0ca","email":"zedinglet@gmail.com","enrollmentDate":"2026-04-02","name":"Samson Goitom","status":"active"},"duration":"17ms","method":"POST","params":{},"path":"/api/students","query":{},"status":400},"timestamp":"2026-04-13T21:34:07.103Z"}
{"course":"69dd5e3a54fb58f0ddd0d0ca","level":"info","message":"New student created:","name":"Samson Goitom","studentId":"69dd615654fb58f0ddd0d0d1","timestamp":"2026-04-13T21:34:14.396Z"}
{"level":"info","message":{"body":{"course":"69dd5e3a54fb58f0ddd0d0ca","email":"teshomemwa@gmail.com","enrollmentDate":"2026-04-02","name":"Samson Goitom","status":"active"},"duration":"7ms","method":"POST","params":{},"path":"/api/students","query":{},"status":201},"timestamp":"2026-04-13T21:34:14.398Z"}
{"level":"info","message":"Retrieved 2 students successfully","timestamp":"2026-04-13T21:34:14.406Z"}
{"level":"info","message":{"duration":"5ms","method":"GET","params":{},"path":"/api/students","query":{},"status":200},"timestamp":"2026-04-13T21:34:14.408Z"}
{"activeCourses":3,"activeStudents":2,"courseCounts":[{"_id":"69dd5e3a54fb58f0ddd0d0ca","count":2}],"graduates":0,"level":"info","message":"Dashboard statistics retrieved successfully:","successRate":0,"timestamp":"2026-04-13T21:34:14.446Z","totalCourses":4,"totalStudents":2}
{"level":"info","message":{"duration":"17ms","method":"GET","params":{},"path":"/api/dashboard/stats","query":{},"status":200},"timestamp":"2026-04-13T21:34:14.447Z"}
{"level":"info","message":"Retrieved 4 courses successfully","timestamp":"2026-04-13T21:34:25.422Z"}
{"level":"info","message":{"duration":"6ms","method":"GET","params":{},"path":"/api/courses","query":{},"status":304},"timestamp":"2026-04-13T21:34:25.424Z"}
{"level":"info","message":"Retrieved 2 students successfully","timestamp":"2026-04-13T21:34:32.198Z"}
{"level":"info","message":{"duration":"12ms","method":"GET","params":{},"path":"/api/students","query":{},"status":304},"timestamp":"2026-04-13T21:34:32.203Z"}
{"activeCourses":3,"activeStudents":2,"courseCounts":[{"_id":"69dd5e3a54fb58f0ddd0d0ca","count":2}],"graduates":0,"level":"info","message":"Dashboard statistics retrieved successfully:","successRate":0,"timestamp":"2026-04-13T21:34:32.224Z","totalCourses":4,"totalStudents":2}
{"level":"info","message":{"duration":"33ms","method":"GET","params":{},"path":"/api/dashboard/stats","query":{},"status":304},"timestamp":"2026-04-13T21:34:32.226Z"}
{"level":"info","message":"Retrieved 2 students successfully","timestamp":"2026-04-13T21:34:39.011Z"}
{"level":"info","message":{"duration":"9ms","method":"GET","params":{},"path":"/api/students","query":{},"status":304},"timestamp":"2026-04-13T21:34:39.014Z"}
{"activeCourses":3,"activeStudents":2,"courseCounts":[{"_id":"69dd5e3a54fb58f0ddd0d0ca","count":2}],"graduates":0,"level":"info","message":"Dashboard statistics retrieved successfully:","successRate":0,"timestamp":"2026-04-13T21:34:39.034Z","totalCourses":4,"totalStudents":2}
{"level":"info","message":{"duration":"28ms","method":"GET","params":{},"path":"/api/dashboard/stats","query":{},"status":304},"timestamp":"2026-04-13T21:34:39.035Z"}
{"course":"69dd610254fb58f0ddd0d0ce","level":"info","message":"New student created:","name":"Nati Belay","studentId":"69dd61a554fb58f0ddd0d0d2","timestamp":"2026-04-13T21:35:33.915Z"}
{"level":"info","message":{"body":{"course":"69dd610254fb58f0ddd0d0ce","email":"nati2124@gmail.com","enrollmentDate":"2026-04-03","name":"Nati Belay","status":"active"},"duration":"5ms","method":"POST","params":{},"path":"/api/students","query":{},"status":201},"timestamp":"2026-04-13T21:35:33.916Z"}
{"level":"info","message":"Retrieved 3 students successfully","timestamp":"2026-04-13T21:35:33.922Z"}
{"level":"info","message":{"duration":"4ms","method":"GET","params":{},"path":"/api/students","query":{},"status":200},"timestamp":"2026-04-13T21:35:33.923Z"}
{"activeCourses":3,"activeStudents":3,"courseCounts":[{"_id":"69dd5e3a54fb58f0ddd0d0ca","count":2},{"_id":"69dd610254fb58f0ddd0d0ce","count":1}],"graduates":0,"level":"info","message":"Dashboard statistics retrieved successfully:","successRate":0,"timestamp":"2026-04-13T21:35:33.961Z","totalCourses":4,"totalStudents":3}
{"level":"info","message":{"duration":"17ms","method":"GET","params":{},"path":"/api/dashboard/stats","query":{},"status":200},"timestamp":"2026-04-13T21:35:33.963Z"}
{"level":"info","message":"Retrieved 3 students successfully","timestamp":"2026-04-13T21:35:39.135Z"}
{"level":"info","message":{"duration":"7ms","method":"GET","params":{},"path":"/api/students","query":{},"status":304},"timestamp":"2026-04-13T21:35:39.137Z"}
{"activeCourses":3,"activeStudents":3,"courseCounts":[{"_id":"69dd610254fb58f0ddd0d0ce","count":1},{"_id":"69dd5e3a54fb58f0ddd0d0ca","count":2}],"graduates":0,"level":"info","message":"Dashboard statistics retrieved successfully:","successRate":0,"timestamp":"2026-04-13T21:35:39.159Z","totalCourses":4,"totalStudents":3}
{"level":"info","message":{"duration":"29ms","method":"GET","params":{},"path":"/api/dashboard/stats","query":{},"status":200},"timestamp":"2026-04-13T21:35:39.161Z"}
{"level":"info","message":"Retrieved 3 students successfully","timestamp":"2026-04-13T21:35:51.297Z"}
{"level":"info","message":{"duration":"5ms","method":"GET","params":{},"path":"/api/students","query":{},"status":304},"timestamp":"2026-04-13T21:35:51.298Z"}
{"activeCourses":3,"activeStudents":3,"courseCounts":[{"_id":"69dd5e3a54fb58f0ddd0d0ca","count":2},{"_id":"69dd610254fb58f0ddd0d0ce","count":1}],"graduates":0,"level":"info","message":"Dashboard statistics retrieved successfully:","successRate":0,"timestamp":"2026-04-13T21:35:51.316Z","totalCourses":4,"totalStudents":3}
{"level":"info","message":{"duration":"23ms","method":"GET","params":{},"path":"/api/dashboard/stats","query":{},"status":200},"timestamp":"2026-04-13T21:35:51.317Z"}
{"level":"info","message":"Retrieved 3 students successfully","timestamp":"2026-04-13T21:36:30.858Z"}
{"level":"info","message":{"duration":"7ms","method":"GET","params":{},"path":"/api/students","query":{},"status":304},"timestamp":"2026-04-13T21:36:30.860Z"}
{"activeCourses":3,"activeStudents":3,"courseCounts":[{"_id":"69dd5e3a54fb58f0ddd0d0ca","count":2},{"_id":"69dd610254fb58f0ddd0d0ce","count":1}],"graduates":0,"level":"info","message":"Dashboard statistics retrieved successfully:","successRate":0,"timestamp":"2026-04-13T21:36:30.872Z","totalCourses":4,"totalStudents":3}
{"level":"info","message":{"duration":"19ms","method":"GET","params":{},"path":"/api/dashboard/stats","query":{},"status":304},"timestamp":"2026-04-13T21:36:30.873Z"}
{"level":"info","message":"Retrieved 4 courses successfully","timestamp":"2026-04-13T21:36:35.958Z"}
{"level":"info","message":{"duration":"7ms","method":"GET","params":{},"path":"/api/courses","query":{},"status":304},"timestamp":"2026-04-13T21:36:35.961Z"}
{"level":"info","message":"Retrieved 4 courses successfully","timestamp":"2026-04-13T21:39:12.944Z"}
{"level":"info","message":{"duration":"2ms","method":"GET","params":{},"path":"/api/courses","query":{},"status":304},"timestamp":"2026-04-13T21:39:12.945Z"}
{"level":"info","message":"Retrieved 3 students successfully","timestamp":"2026-04-13T21:39:12.958Z"}
{"level":"info","message":{"duration":"2ms","method":"GET","params":{},"path":"/api/students","query":{},"status":304},"timestamp":"2026-04-13T21:39:12.959Z"}
{"activeCourses":3,"activeStudents":3,"courseCounts":[{"_id":"69dd610254fb58f0ddd0d0ce","count":1},{"_id":"69dd5e3a54fb58f0ddd0d0ca","count":2}],"graduates":0,"level":"info","message":"Dashboard statistics retrieved successfully:","successRate":0,"timestamp":"2026-04-13T21:39:12.966Z","totalCourses":4,"totalStudents":3}
{"level":"info","message":{"duration":"10ms","method":"GET","params":{},"path":"/api/dashboard/stats","query":{},"status":200},"timestamp":"2026-04-13T21:39:12.967Z"}
{"level":"info","message":"Retrieved 4 courses successfully","timestamp":"2026-04-13T21:41:17.055Z"}
{"level":"info","message":{"duration":"4ms","method":"GET","params":{},"path":"/api/courses","query":{},"status":304},"timestamp":"2026-04-13T21:41:17.057Z"}
{"level":"info","message":"Retrieved 4 courses successfully","timestamp":"2026-04-13T21:41:17.061Z"}
{"level":"info","message":{"duration":"3ms","method":"GET","params":{},"path":"/api/courses","query":{},"status":304},"timestamp":"2026-04-13T21:41:17.062Z"}
{"level":"info","message":"Retrieved 4 courses successfully","timestamp":"2026-04-13T21:41:17.140Z"}
{"level":"info","message":{"duration":"4ms","method":"GET","params":{},"path":"/api/courses","query":{},"status":304},"timestamp":"2026-04-13T21:41:17.141Z"}
{"level":"info","message":"Retrieved 3 students successfully","timestamp":"2026-04-13T21:41:17.144Z"}
{"level":"info","message":{"duration":"7ms","method":"GET","params":{},"path":"/api/students","query":{},"status":304},"timestamp":"2026-04-13T21:41:17.145Z"}
{"level":"info","message":"Retrieved 3 students successfully","timestamp":"2026-04-13T21:41:17.152Z"}
{"level":"info","message":{"duration":"5ms","method":"GET","params":{},"path":"/api/students","query":{},"status":304},"timestamp":"2026-04-13T21:41:17.154Z"}
{"activeCourses":3,"activeStudents":3,"courseCounts":[{"_id":"69dd5e3a54fb58f0ddd0d0ca","count":2},{"_id":"69dd610254fb58f0ddd0d0ce","count":1}],"graduates":0,"level":"info","message":"Dashboard statistics retrieved successfully:","successRate":0,"timestamp":"2026-04-13T21:41:17.163Z","totalCourses":4,"totalStudents":3}
{"level":"info","message":{"duration":"16ms","method":"GET","params":{},"path":"/api/dashboard/stats","query":{},"status":200},"timestamp":"2026-04-13T21:41:17.164Z"}
{"activeCourses":3,"activeStudents":3,"courseCounts":[{"_id":"69dd5e3a54fb58f0ddd0d0ca","count":2},{"_id":"69dd610254fb58f0ddd0d0ce","count":1}],"graduates":0,"level":"info","message":"Dashboard statistics retrieved successfully:","successRate":0,"timestamp":"2026-04-13T21:41:17.179Z","totalCourses":4,"totalStudents":3}
{"level":"info","message":{"duration":"15ms","method":"GET","params":{},"path":"/api/dashboard/stats","query":{},"status":304},"timestamp":"2026-04-13T21:41:17.180Z"}
{"level":"info","message":"Retrieved 3 students successfully","timestamp":"2026-04-13T21:41:17.427Z"}
{"level":"info","message":{"duration":"4ms","method":"GET","params":{},"path":"/api/students","query":{},"status":304},"timestamp":"2026-04-13T21:41:17.429Z"}
{"activeCourses":3,"activeStudents":3,"courseCounts":[{"_id":"69dd610254fb58f0ddd0d0ce","count":1},{"_id":"69dd5e3a54fb58f0ddd0d0ca","count":2}],"graduates":0,"level":"info","message":"Dashboard statistics retrieved successfully:","successRate":0,"timestamp":"2026-04-13T21:41:17.440Z","totalCourses":4,"totalStudents":3}
{"level":"info","message":{"duration":"15ms","method":"GET","params":{},"path":"/api/dashboard/stats","query":{},"status":200},"timestamp":"2026-04-13T21:41:17.441Z"}
{"level":"info","message":"Retrieved 4 courses successfully","timestamp":"2026-04-13T21:43:05.764Z"}
{"level":"info","message":{"duration":"3ms","method":"GET","params":{},"path":"/api/courses","query":{},"status":304},"timestamp":"2026-04-13T21:43:05.765Z"}
{"level":"info","message":"Retrieved 3 students successfully","timestamp":"2026-04-13T21:43:05.998Z"}
{"level":"info","message":{"duration":"4ms","method":"GET","params":{},"path":"/api/students","query":{},"status":304},"timestamp":"2026-04-13T21:43:06.000Z"}
{"activeCourses":3,"activeStudents":3,"courseCounts":[{"_id":"69dd5e3a54fb58f0ddd0d0ca","count":2},{"_id":"69dd610254fb58f0ddd0d0ce","count":1}],"graduates":0,"level":"info","message":"Dashboard statistics retrieved successfully:","successRate":0,"timestamp":"2026-04-13T21:43:06.009Z","totalCourses":4,"totalStudents":3}
{"level":"info","message":{"duration":"16ms","method":"GET","params":{},"path":"/api/dashboard/stats","query":{},"status":200},"timestamp":"2026-04-13T21:43:06.010Z"}
{"level":"info","message":"Retrieved 4 courses successfully","timestamp":"2026-04-13T21:43:30.544Z"}
{"level":"info","message":{"duration":"4ms","method":"GET","params":{},"path":"/api/courses","query":{},"status":304},"timestamp":"2026-04-13T21:43:30.545Z"}
{"level":"info","message":"Retrieved 4 courses successfully","timestamp":"2026-04-13T21:43:30.603Z"}
{"level":"info","message":{"duration":"9ms","method":"GET","params":{},"path":"/api/courses","query":{},"status":304},"timestamp":"2026-04-13T21:43:30.605Z"}
{"level":"info","message":"Retrieved 3 students successfully","timestamp":"2026-04-13T21:43:30.608Z"}
{"level":"info","message":{"duration":"12ms","method":"GET","params":{},"path":"/api/students","query":{},"status":304},"timestamp":"2026-04-13T21:43:30.611Z"}
{"activeCourses":3,"activeStudents":3,"courseCounts":[{"_id":"69dd610254fb58f0ddd0d0ce","count":1},{"_id":"69dd5e3a54fb58f0ddd0d0ca","count":2}],"graduates":0,"level":"info","message":"Dashboard statistics retrieved successfully:","successRate":0,"timestamp":"2026-04-13T21:43:30.628Z","totalCourses":4,"totalStudents":3}
{"level":"info","message":{"duration":"24ms","method":"GET","params":{},"path":"/api/dashboard/stats","query":{},"status":200},"timestamp":"2026-04-13T21:43:30.630Z"}
{"level":"info","message":"Retrieved 3 students successfully","timestamp":"2026-04-13T21:43:30.890Z"}
{"level":"info","message":{"duration":"4ms","method":"GET","params":{},"path":"/api/students","query":{},"status":304},"timestamp":"2026-04-13T21:43:30.891Z"}
{"activeCourses":3,"activeStudents":3,"courseCounts":[{"_id":"69dd5e3a54fb58f0ddd0d0ca","count":2},{"_id":"69dd610254fb58f0ddd0d0ce","count":1}],"graduates":0,"level":"info","message":"Dashboard statistics retrieved successfully:","successRate":0,"timestamp":"2026-04-13T21:43:30.903Z","totalCourses":4,"totalStudents":3}
{"level":"info","message":{"duration":"16ms","method":"GET","params":{},"path":"/api/dashboard/stats","query":{},"status":200},"timestamp":"2026-04-13T21:43:30.904Z"}
{"level":"info","message":"Retrieved 3 students successfully","timestamp":"2026-04-13T21:43:38.348Z"}
{"level":"info","message":{"duration":"8ms","method":"GET","params":{},"path":"/api/students","query":{},"status":304},"timestamp":"2026-04-13T21:43:38.351Z"}
{"activeCourses":3,"activeStudents":3,"courseCounts":[{"_id":"69dd610254fb58f0ddd0d0ce","count":1},{"_id":"69dd5e3a54fb58f0ddd0d0ca","count":2}],"graduates":0,"level":"info","message":"Dashboard statistics retrieved successfully:","successRate":0,"timestamp":"2026-04-13T21:43:38.365Z","totalCourses":4,"totalStudents":3}
{"level":"info","message":{"duration":"22ms","method":"GET","params":{},"path":"/api/dashboard/stats","query":{},"status":200},"timestamp":"2026-04-13T21:43:38.367Z"}
{"level":"info","message":"Retrieved 4 courses successfully","timestamp":"2026-04-13T21:43:39.524Z"}
{"level":"info","message":{"duration":"5ms","method":"GET","params":{},"path":"/api/courses","query":{},"status":304},"timestamp":"2026-04-13T21:43:39.526Z"}
{"level":"info","message":"Retrieved 3 students successfully","timestamp":"2026-04-13T21:43:40.616Z"}
{"level":"info","message":{"duration":"7ms","method":"GET","params":{},"path":"/api/students","query":{},"status":304},"timestamp":"2026-04-13T21:43:40.619Z"}
{"activeCourses":3,"activeStudents":3,"courseCounts":[{"_id":"69dd5e3a54fb58f0ddd0d0ca","count":2},{"_id":"69dd610254fb58f0ddd0d0ce","count":1}],"graduates":0,"level":"info","message":"Dashboard statistics retrieved successfully:","successRate":0,"timestamp":"2026-04-13T21:43:40.643Z","totalCourses":4,"totalStudents":3}
{"level":"info","message":{"duration":"34ms","method":"GET","params":{},"path":"/api/dashboard/stats","query":{},"status":200},"timestamp":"2026-04-13T21:43:40.646Z"}
